[2023-02-24 09:15:31] DEBUG sql: Executing (default): SELECT TABLE_NAME FROM INFORMATION_SCHEMA.TABLES WHERE TABLE_TYPE = 'BASE TABLE' AND TABLE_NAME = 'Classes' AND TABLE_SCHEMA = 'myschooldb' 

[2023-02-24 09:15:31] DEBUG sql: Executing (default): SHOW FULL COLUMNS FROM `Classes`; 

[2023-02-24 09:15:31] DEBUG sql: Executing (default): SELECT CONSTRAINT_NAME as constraint_name,CONSTRAINT_NAME as constraintName,CONSTRAINT_SCHEMA as constraintSchema,CONSTRAINT_SCHEMA as constraintCatalog,TABLE_NAME as tableName,TABLE_SCHEMA as tableSchema,TABLE_SCHEMA as tableCatalog,COLUMN_NAME as columnName,REFERENCED_TABLE_SCHEMA as referencedTableSchema,REFERENCED_TABLE_SCHEMA as referencedTableCatalog,REFERENCED_TABLE_NAME as referencedTableName,REFERENCED_COLUMN_NAME as referencedColumnName FROM INFORMATION_SCHEMA.KEY_COLUMN_USAGE where TABLE_NAME = 'Classes' AND CONSTRAINT_NAME!='PRIMARY' AND CONSTRAINT_SCHEMA='myschooldb' AND REFERENCED_TABLE_NAME IS NOT NULL; 

[2023-02-24 09:15:31] DEBUG sql: Executing (default): ALTER TABLE `Classes` CHANGE `name` `name` VARCHAR(255) NOT NULL; 

[2023-02-24 09:15:31] DEBUG sql: Executing (default): ALTER TABLE `Classes` CHANGE `openDate` `openDate` DATETIME NOT NULL; 

[2023-02-24 09:15:31] DEBUG sql: Executing (default): ALTER TABLE `Classes` CHANGE `createdAt` `createdAt` DATETIME NOT NULL; 

[2023-02-24 09:15:31] DEBUG sql: Executing (default): ALTER TABLE `Classes` CHANGE `updatedAt` `updatedAt` DATETIME NOT NULL; 

[2023-02-24 09:15:31] DEBUG sql: Executing (default): ALTER TABLE `Classes` CHANGE `deletedAt` `deletedAt` DATETIME; 

[2023-02-24 09:15:31] DEBUG sql: Executing (default): SHOW INDEX FROM `Classes` 

[2023-02-24 09:15:31] DEBUG sql: Executing (default): SELECT TABLE_NAME FROM INFORMATION_SCHEMA.TABLES WHERE TABLE_TYPE = 'BASE TABLE' AND TABLE_NAME = 'Students' AND TABLE_SCHEMA = 'myschooldb' 

[2023-02-24 09:15:31] DEBUG sql: Executing (default): SHOW FULL COLUMNS FROM `Students`; 

[2023-02-24 09:15:31] DEBUG sql: Executing (default): SELECT CONSTRAINT_NAME as constraint_name,CONSTRAINT_NAME as constraintName,CONSTRAINT_SCHEMA as constraintSchema,CONSTRAINT_SCHEMA as constraintCatalog,TABLE_NAME as tableName,TABLE_SCHEMA as tableSchema,TABLE_SCHEMA as tableCatalog,COLUMN_NAME as columnName,REFERENCED_TABLE_SCHEMA as referencedTableSchema,REFERENCED_TABLE_SCHEMA as referencedTableCatalog,REFERENCED_TABLE_NAME as referencedTableName,REFERENCED_COLUMN_NAME as referencedColumnName FROM INFORMATION_SCHEMA.KEY_COLUMN_USAGE where TABLE_NAME = 'Students' AND CONSTRAINT_NAME!='PRIMARY' AND CONSTRAINT_SCHEMA='myschooldb' AND REFERENCED_TABLE_NAME IS NOT NULL; 

[2023-02-24 09:15:31] DEBUG sql: Executing (default): ALTER TABLE `Students` CHANGE `name` `name` VARCHAR(255) NOT NULL; 

[2023-02-24 09:15:31] DEBUG sql: Executing (default): ALTER TABLE `Students` CHANGE `birthday` `birthday` DATETIME NOT NULL; 

[2023-02-24 09:15:31] DEBUG sql: Executing (default): ALTER TABLE `Students` CHANGE `sex` `sex` TINYINT(1) NOT NULL; 

[2023-02-24 09:15:31] DEBUG sql: Executing (default): ALTER TABLE `Students` CHANGE `mobile` `mobile` VARCHAR(11) NOT NULL; 

[2023-02-24 09:15:31] DEBUG sql: Executing (default): ALTER TABLE `Students` CHANGE `createdAt` `createdAt` DATETIME NOT NULL; 

[2023-02-24 09:15:31] DEBUG sql: Executing (default): ALTER TABLE `Students` CHANGE `updatedAt` `updatedAt` DATETIME NOT NULL; 

[2023-02-24 09:15:31] DEBUG sql: Executing (default): ALTER TABLE `Students` CHANGE `deletedAt` `deletedAt` DATETIME; 

[2023-02-24 09:15:31] DEBUG sql: Executing (default): SELECT CONSTRAINT_CATALOG AS constraintCatalog, CONSTRAINT_NAME AS constraintName, CONSTRAINT_SCHEMA AS constraintSchema, CONSTRAINT_TYPE AS constraintType, TABLE_NAME AS tableName, TABLE_SCHEMA AS tableSchema from INFORMATION_SCHEMA.TABLE_CONSTRAINTS WHERE table_name='Students' AND constraint_name = 'students_ibfk_1' AND TABLE_SCHEMA = 'myschooldb'; 

[2023-02-24 09:15:31] DEBUG sql: Executing (default): ALTER TABLE `Students` DROP FOREIGN KEY `students_ibfk_1`; 

[2023-02-24 09:15:31] DEBUG sql: Executing (default): ALTER TABLE `Students` ADD FOREIGN KEY (`ClassId`) REFERENCES `Classes` (`id`) ON DELETE SET NULL ON UPDATE CASCADE; 

[2023-02-24 09:15:31] DEBUG sql: Executing (default): SHOW INDEX FROM `Students` 

[2023-02-24 09:15:31] DEBUG sql: Executing (default): SELECT TABLE_NAME FROM INFORMATION_SCHEMA.TABLES WHERE TABLE_TYPE = 'BASE TABLE' AND TABLE_NAME = 'Admins' AND TABLE_SCHEMA = 'myschooldb' 

[2023-02-24 09:15:31] DEBUG sql: Executing (default): SHOW FULL COLUMNS FROM `Admins`; 

[2023-02-24 09:15:31] DEBUG sql: Executing (default): SELECT CONSTRAINT_NAME as constraint_name,CONSTRAINT_NAME as constraintName,CONSTRAINT_SCHEMA as constraintSchema,CONSTRAINT_SCHEMA as constraintCatalog,TABLE_NAME as tableName,TABLE_SCHEMA as tableSchema,TABLE_SCHEMA as tableCatalog,COLUMN_NAME as columnName,REFERENCED_TABLE_SCHEMA as referencedTableSchema,REFERENCED_TABLE_SCHEMA as referencedTableCatalog,REFERENCED_TABLE_NAME as referencedTableName,REFERENCED_COLUMN_NAME as referencedColumnName FROM INFORMATION_SCHEMA.KEY_COLUMN_USAGE where TABLE_NAME = 'Admins' AND CONSTRAINT_NAME!='PRIMARY' AND CONSTRAINT_SCHEMA='myschooldb' AND REFERENCED_TABLE_NAME IS NOT NULL; 

[2023-02-24 09:15:31] DEBUG sql: Executing (default): ALTER TABLE `Admins` CHANGE `loginId` `loginId` VARCHAR(255) NOT NULL; 

[2023-02-24 09:15:31] DEBUG sql: Executing (default): ALTER TABLE `Admins` CHANGE `loginPwd` `loginPwd` VARCHAR(255) NOT NULL; 

[2023-02-24 09:15:31] DEBUG sql: Executing (default): ALTER TABLE `Admins` CHANGE `deletedAt` `deletedAt` DATETIME; 

[2023-02-24 09:15:31] DEBUG sql: Executing (default): SHOW INDEX FROM `Admins` 

[2023-02-24 09:15:31] DEBUG sql: Executing (default): SELECT TABLE_NAME FROM INFORMATION_SCHEMA.TABLES WHERE TABLE_TYPE = 'BASE TABLE' AND TABLE_NAME = 'Books' AND TABLE_SCHEMA = 'myschooldb' 

[2023-02-24 09:15:31] DEBUG sql: Executing (default): SHOW FULL COLUMNS FROM `Books`; 

[2023-02-24 09:15:31] DEBUG sql: Executing (default): SELECT CONSTRAINT_NAME as constraint_name,CONSTRAINT_NAME as constraintName,CONSTRAINT_SCHEMA as constraintSchema,CONSTRAINT_SCHEMA as constraintCatalog,TABLE_NAME as tableName,TABLE_SCHEMA as tableSchema,TABLE_SCHEMA as tableCatalog,COLUMN_NAME as columnName,REFERENCED_TABLE_SCHEMA as referencedTableSchema,REFERENCED_TABLE_SCHEMA as referencedTableCatalog,REFERENCED_TABLE_NAME as referencedTableName,REFERENCED_COLUMN_NAME as referencedColumnName FROM INFORMATION_SCHEMA.KEY_COLUMN_USAGE where TABLE_NAME = 'Books' AND CONSTRAINT_NAME!='PRIMARY' AND CONSTRAINT_SCHEMA='myschooldb' AND REFERENCED_TABLE_NAME IS NOT NULL; 

[2023-02-24 09:15:31] DEBUG sql: Executing (default): ALTER TABLE `Books` CHANGE `name` `name` VARCHAR(255) NOT NULL; 

[2023-02-24 09:15:31] DEBUG sql: Executing (default): ALTER TABLE `Books` CHANGE `imgurl` `imgurl` VARCHAR(255); 

[2023-02-24 09:15:31] DEBUG sql: Executing (default): ALTER TABLE `Books` CHANGE `publishDate` `publishDate` VARCHAR(255) NOT NULL; 

[2023-02-24 09:15:31] DEBUG sql: Executing (default): ALTER TABLE `Books` CHANGE `author` `author` VARCHAR(255) NOT NULL; 

[2023-02-24 09:15:31] DEBUG sql: Executing (default): ALTER TABLE `Books` CHANGE `createdAt` `createdAt` DATETIME NOT NULL; 

[2023-02-24 09:15:31] DEBUG sql: Executing (default): ALTER TABLE `Books` CHANGE `updatedAt` `updatedAt` DATETIME NOT NULL; 

[2023-02-24 09:15:31] DEBUG sql: Executing (default): ALTER TABLE `Books` CHANGE `deletedAt` `deletedAt` DATETIME; 

[2023-02-24 09:15:31] DEBUG sql: Executing (default): SHOW INDEX FROM `Books` 

[2023-02-24 09:24:15] DEBUG sql: Executing (default): SELECT TABLE_NAME FROM INFORMATION_SCHEMA.TABLES WHERE TABLE_TYPE = 'BASE TABLE' AND TABLE_NAME = 'Classes' AND TABLE_SCHEMA = 'myschooldb' 

[2023-02-24 09:24:15] DEBUG sql: Executing (default): SHOW FULL COLUMNS FROM `Classes`; 

[2023-02-24 09:24:15] DEBUG sql: Executing (default): SELECT CONSTRAINT_NAME as constraint_name,CONSTRAINT_NAME as constraintName,CONSTRAINT_SCHEMA as constraintSchema,CONSTRAINT_SCHEMA as constraintCatalog,TABLE_NAME as tableName,TABLE_SCHEMA as tableSchema,TABLE_SCHEMA as tableCatalog,COLUMN_NAME as columnName,REFERENCED_TABLE_SCHEMA as referencedTableSchema,REFERENCED_TABLE_SCHEMA as referencedTableCatalog,REFERENCED_TABLE_NAME as referencedTableName,REFERENCED_COLUMN_NAME as referencedColumnName FROM INFORMATION_SCHEMA.KEY_COLUMN_USAGE where TABLE_NAME = 'Classes' AND CONSTRAINT_NAME!='PRIMARY' AND CONSTRAINT_SCHEMA='myschooldb' AND REFERENCED_TABLE_NAME IS NOT NULL; 

[2023-02-24 09:24:15] DEBUG sql: Executing (default): ALTER TABLE `Classes` CHANGE `name` `name` VARCHAR(255) NOT NULL; 

[2023-02-24 09:24:15] DEBUG sql: Executing (default): ALTER TABLE `Classes` CHANGE `openDate` `openDate` DATETIME NOT NULL; 

[2023-02-24 09:24:15] DEBUG sql: Executing (default): ALTER TABLE `Classes` CHANGE `createdAt` `createdAt` DATETIME NOT NULL; 

[2023-02-24 09:24:15] DEBUG sql: Executing (default): ALTER TABLE `Classes` CHANGE `updatedAt` `updatedAt` DATETIME NOT NULL; 

[2023-02-24 09:24:15] DEBUG sql: Executing (default): ALTER TABLE `Classes` CHANGE `deletedAt` `deletedAt` DATETIME; 

[2023-02-24 09:24:15] DEBUG sql: Executing (default): SHOW INDEX FROM `Classes` 

[2023-02-24 09:24:15] DEBUG sql: Executing (default): SELECT TABLE_NAME FROM INFORMATION_SCHEMA.TABLES WHERE TABLE_TYPE = 'BASE TABLE' AND TABLE_NAME = 'Students' AND TABLE_SCHEMA = 'myschooldb' 

[2023-02-24 09:24:15] DEBUG sql: Executing (default): SHOW FULL COLUMNS FROM `Students`; 

[2023-02-24 09:24:15] DEBUG sql: Executing (default): SELECT CONSTRAINT_NAME as constraint_name,CONSTRAINT_NAME as constraintName,CONSTRAINT_SCHEMA as constraintSchema,CONSTRAINT_SCHEMA as constraintCatalog,TABLE_NAME as tableName,TABLE_SCHEMA as tableSchema,TABLE_SCHEMA as tableCatalog,COLUMN_NAME as columnName,REFERENCED_TABLE_SCHEMA as referencedTableSchema,REFERENCED_TABLE_SCHEMA as referencedTableCatalog,REFERENCED_TABLE_NAME as referencedTableName,REFERENCED_COLUMN_NAME as referencedColumnName FROM INFORMATION_SCHEMA.KEY_COLUMN_USAGE where TABLE_NAME = 'Students' AND CONSTRAINT_NAME!='PRIMARY' AND CONSTRAINT_SCHEMA='myschooldb' AND REFERENCED_TABLE_NAME IS NOT NULL; 

[2023-02-24 09:24:15] DEBUG sql: Executing (default): ALTER TABLE `Students` CHANGE `name` `name` VARCHAR(255) NOT NULL; 

[2023-02-24 09:24:15] DEBUG sql: Executing (default): ALTER TABLE `Students` CHANGE `birthday` `birthday` DATETIME NOT NULL; 

[2023-02-24 09:24:15] DEBUG sql: Executing (default): ALTER TABLE `Students` CHANGE `sex` `sex` TINYINT(1) NOT NULL; 

[2023-02-24 09:24:15] DEBUG sql: Executing (default): ALTER TABLE `Students` CHANGE `mobile` `mobile` VARCHAR(11) NOT NULL; 

[2023-02-24 09:24:15] DEBUG sql: Executing (default): ALTER TABLE `Students` CHANGE `createdAt` `createdAt` DATETIME NOT NULL; 

[2023-02-24 09:24:15] DEBUG sql: Executing (default): ALTER TABLE `Students` CHANGE `updatedAt` `updatedAt` DATETIME NOT NULL; 

[2023-02-24 09:24:15] DEBUG sql: Executing (default): ALTER TABLE `Students` CHANGE `deletedAt` `deletedAt` DATETIME; 

[2023-02-24 09:24:15] DEBUG sql: Executing (default): SELECT CONSTRAINT_CATALOG AS constraintCatalog, CONSTRAINT_NAME AS constraintName, CONSTRAINT_SCHEMA AS constraintSchema, CONSTRAINT_TYPE AS constraintType, TABLE_NAME AS tableName, TABLE_SCHEMA AS tableSchema from INFORMATION_SCHEMA.TABLE_CONSTRAINTS WHERE table_name='Students' AND constraint_name = 'students_ibfk_1' AND TABLE_SCHEMA = 'myschooldb'; 

[2023-02-24 09:24:15] DEBUG sql: Executing (default): ALTER TABLE `Students` DROP FOREIGN KEY `students_ibfk_1`; 

[2023-02-24 09:24:15] DEBUG sql: Executing (default): ALTER TABLE `Students` ADD FOREIGN KEY (`ClassId`) REFERENCES `Classes` (`id`) ON DELETE SET NULL ON UPDATE CASCADE; 

[2023-02-24 09:24:15] DEBUG sql: Executing (default): SHOW INDEX FROM `Students` 

[2023-02-24 09:24:15] DEBUG sql: Executing (default): SELECT TABLE_NAME FROM INFORMATION_SCHEMA.TABLES WHERE TABLE_TYPE = 'BASE TABLE' AND TABLE_NAME = 'Admins' AND TABLE_SCHEMA = 'myschooldb' 

[2023-02-24 09:24:15] DEBUG sql: Executing (default): SHOW FULL COLUMNS FROM `Admins`; 

[2023-02-24 09:24:15] DEBUG sql: Executing (default): SELECT CONSTRAINT_NAME as constraint_name,CONSTRAINT_NAME as constraintName,CONSTRAINT_SCHEMA as constraintSchema,CONSTRAINT_SCHEMA as constraintCatalog,TABLE_NAME as tableName,TABLE_SCHEMA as tableSchema,TABLE_SCHEMA as tableCatalog,COLUMN_NAME as columnName,REFERENCED_TABLE_SCHEMA as referencedTableSchema,REFERENCED_TABLE_SCHEMA as referencedTableCatalog,REFERENCED_TABLE_NAME as referencedTableName,REFERENCED_COLUMN_NAME as referencedColumnName FROM INFORMATION_SCHEMA.KEY_COLUMN_USAGE where TABLE_NAME = 'Admins' AND CONSTRAINT_NAME!='PRIMARY' AND CONSTRAINT_SCHEMA='myschooldb' AND REFERENCED_TABLE_NAME IS NOT NULL; 

[2023-02-24 09:24:15] DEBUG sql: Executing (default): ALTER TABLE `Admins` CHANGE `loginId` `loginId` VARCHAR(255) NOT NULL; 

[2023-02-24 09:24:15] DEBUG sql: Executing (default): ALTER TABLE `Admins` CHANGE `loginPwd` `loginPwd` VARCHAR(255) NOT NULL; 

[2023-02-24 09:24:15] DEBUG sql: Executing (default): ALTER TABLE `Admins` CHANGE `deletedAt` `deletedAt` DATETIME; 

[2023-02-24 09:24:15] DEBUG sql: Executing (default): SHOW INDEX FROM `Admins` 

[2023-02-24 09:24:15] DEBUG sql: Executing (default): SELECT TABLE_NAME FROM INFORMATION_SCHEMA.TABLES WHERE TABLE_TYPE = 'BASE TABLE' AND TABLE_NAME = 'Books' AND TABLE_SCHEMA = 'myschooldb' 

[2023-02-24 09:24:15] DEBUG sql: Executing (default): SHOW FULL COLUMNS FROM `Books`; 

[2023-02-24 09:24:15] DEBUG sql: Executing (default): SELECT CONSTRAINT_NAME as constraint_name,CONSTRAINT_NAME as constraintName,CONSTRAINT_SCHEMA as constraintSchema,CONSTRAINT_SCHEMA as constraintCatalog,TABLE_NAME as tableName,TABLE_SCHEMA as tableSchema,TABLE_SCHEMA as tableCatalog,COLUMN_NAME as columnName,REFERENCED_TABLE_SCHEMA as referencedTableSchema,REFERENCED_TABLE_SCHEMA as referencedTableCatalog,REFERENCED_TABLE_NAME as referencedTableName,REFERENCED_COLUMN_NAME as referencedColumnName FROM INFORMATION_SCHEMA.KEY_COLUMN_USAGE where TABLE_NAME = 'Books' AND CONSTRAINT_NAME!='PRIMARY' AND CONSTRAINT_SCHEMA='myschooldb' AND REFERENCED_TABLE_NAME IS NOT NULL; 

[2023-02-24 09:24:15] DEBUG sql: Executing (default): ALTER TABLE `Books` CHANGE `name` `name` VARCHAR(255) NOT NULL; 

[2023-02-24 09:24:15] DEBUG sql: Executing (default): ALTER TABLE `Books` CHANGE `imgurl` `imgurl` VARCHAR(255); 

[2023-02-24 09:24:15] DEBUG sql: Executing (default): ALTER TABLE `Books` CHANGE `publishDate` `publishDate` VARCHAR(255) NOT NULL; 

[2023-02-24 09:24:15] DEBUG sql: Executing (default): ALTER TABLE `Books` CHANGE `author` `author` VARCHAR(255) NOT NULL; 

[2023-02-24 09:24:15] DEBUG sql: Executing (default): ALTER TABLE `Books` CHANGE `createdAt` `createdAt` DATETIME NOT NULL; 

[2023-02-24 09:24:15] DEBUG sql: Executing (default): ALTER TABLE `Books` CHANGE `updatedAt` `updatedAt` DATETIME NOT NULL; 

[2023-02-24 09:24:15] DEBUG sql: Executing (default): ALTER TABLE `Books` CHANGE `deletedAt` `deletedAt` DATETIME; 

[2023-02-24 09:24:15] DEBUG sql: Executing (default): SHOW INDEX FROM `Books` 

[2023-02-24 09:29:13] DEBUG sql: Executing (default): SELECT TABLE_NAME FROM INFORMATION_SCHEMA.TABLES WHERE TABLE_TYPE = 'BASE TABLE' AND TABLE_NAME = 'Classes' AND TABLE_SCHEMA = 'myschooldb' 

[2023-02-24 09:29:13] DEBUG sql: Executing (default): SHOW FULL COLUMNS FROM `Classes`; 

[2023-02-24 09:29:13] DEBUG sql: Executing (default): SELECT CONSTRAINT_NAME as constraint_name,CONSTRAINT_NAME as constraintName,CONSTRAINT_SCHEMA as constraintSchema,CONSTRAINT_SCHEMA as constraintCatalog,TABLE_NAME as tableName,TABLE_SCHEMA as tableSchema,TABLE_SCHEMA as tableCatalog,COLUMN_NAME as columnName,REFERENCED_TABLE_SCHEMA as referencedTableSchema,REFERENCED_TABLE_SCHEMA as referencedTableCatalog,REFERENCED_TABLE_NAME as referencedTableName,REFERENCED_COLUMN_NAME as referencedColumnName FROM INFORMATION_SCHEMA.KEY_COLUMN_USAGE where TABLE_NAME = 'Classes' AND CONSTRAINT_NAME!='PRIMARY' AND CONSTRAINT_SCHEMA='myschooldb' AND REFERENCED_TABLE_NAME IS NOT NULL; 

[2023-02-24 09:29:13] DEBUG sql: Executing (default): ALTER TABLE `Classes` CHANGE `name` `name` VARCHAR(255) NOT NULL; 

[2023-02-24 09:29:14] DEBUG sql: Executing (default): ALTER TABLE `Classes` CHANGE `openDate` `openDate` DATETIME NOT NULL; 

[2023-02-24 09:29:14] DEBUG sql: Executing (default): ALTER TABLE `Classes` CHANGE `createdAt` `createdAt` DATETIME NOT NULL; 

[2023-02-24 09:29:14] DEBUG sql: Executing (default): ALTER TABLE `Classes` CHANGE `updatedAt` `updatedAt` DATETIME NOT NULL; 

[2023-02-24 09:29:14] DEBUG sql: Executing (default): ALTER TABLE `Classes` CHANGE `deletedAt` `deletedAt` DATETIME; 

[2023-02-24 09:29:14] DEBUG sql: Executing (default): SHOW INDEX FROM `Classes` 

[2023-02-24 09:29:14] DEBUG sql: Executing (default): SELECT TABLE_NAME FROM INFORMATION_SCHEMA.TABLES WHERE TABLE_TYPE = 'BASE TABLE' AND TABLE_NAME = 'Students' AND TABLE_SCHEMA = 'myschooldb' 

[2023-02-24 09:29:14] DEBUG sql: Executing (default): SHOW FULL COLUMNS FROM `Students`; 

[2023-02-24 09:29:14] DEBUG sql: Executing (default): SELECT CONSTRAINT_NAME as constraint_name,CONSTRAINT_NAME as constraintName,CONSTRAINT_SCHEMA as constraintSchema,CONSTRAINT_SCHEMA as constraintCatalog,TABLE_NAME as tableName,TABLE_SCHEMA as tableSchema,TABLE_SCHEMA as tableCatalog,COLUMN_NAME as columnName,REFERENCED_TABLE_SCHEMA as referencedTableSchema,REFERENCED_TABLE_SCHEMA as referencedTableCatalog,REFERENCED_TABLE_NAME as referencedTableName,REFERENCED_COLUMN_NAME as referencedColumnName FROM INFORMATION_SCHEMA.KEY_COLUMN_USAGE where TABLE_NAME = 'Students' AND CONSTRAINT_NAME!='PRIMARY' AND CONSTRAINT_SCHEMA='myschooldb' AND REFERENCED_TABLE_NAME IS NOT NULL; 

[2023-02-24 09:29:14] DEBUG sql: Executing (default): ALTER TABLE `Students` CHANGE `name` `name` VARCHAR(255) NOT NULL; 

[2023-02-24 09:29:14] DEBUG sql: Executing (default): ALTER TABLE `Students` CHANGE `birthday` `birthday` DATETIME NOT NULL; 

[2023-02-24 09:29:14] DEBUG sql: Executing (default): ALTER TABLE `Students` CHANGE `sex` `sex` TINYINT(1) NOT NULL; 

[2023-02-24 09:29:14] DEBUG sql: Executing (default): ALTER TABLE `Students` CHANGE `mobile` `mobile` VARCHAR(11) NOT NULL; 

[2023-02-24 09:29:14] DEBUG sql: Executing (default): ALTER TABLE `Students` CHANGE `createdAt` `createdAt` DATETIME NOT NULL; 

[2023-02-24 09:29:14] DEBUG sql: Executing (default): ALTER TABLE `Students` CHANGE `updatedAt` `updatedAt` DATETIME NOT NULL; 

[2023-02-24 09:29:14] DEBUG sql: Executing (default): ALTER TABLE `Students` CHANGE `deletedAt` `deletedAt` DATETIME; 

[2023-02-24 09:29:14] DEBUG sql: Executing (default): SELECT CONSTRAINT_CATALOG AS constraintCatalog, CONSTRAINT_NAME AS constraintName, CONSTRAINT_SCHEMA AS constraintSchema, CONSTRAINT_TYPE AS constraintType, TABLE_NAME AS tableName, TABLE_SCHEMA AS tableSchema from INFORMATION_SCHEMA.TABLE_CONSTRAINTS WHERE table_name='Students' AND constraint_name = 'students_ibfk_1' AND TABLE_SCHEMA = 'myschooldb'; 

[2023-02-24 09:29:14] DEBUG sql: Executing (default): ALTER TABLE `Students` DROP FOREIGN KEY `students_ibfk_1`; 

[2023-02-24 09:29:14] DEBUG sql: Executing (default): ALTER TABLE `Students` ADD FOREIGN KEY (`ClassId`) REFERENCES `Classes` (`id`) ON DELETE SET NULL ON UPDATE CASCADE; 

[2023-02-24 09:29:14] DEBUG sql: Executing (default): SHOW INDEX FROM `Students` 

[2023-02-24 09:29:14] DEBUG sql: Executing (default): SELECT TABLE_NAME FROM INFORMATION_SCHEMA.TABLES WHERE TABLE_TYPE = 'BASE TABLE' AND TABLE_NAME = 'Admins' AND TABLE_SCHEMA = 'myschooldb' 

[2023-02-24 09:29:14] DEBUG sql: Executing (default): SHOW FULL COLUMNS FROM `Admins`; 

[2023-02-24 09:29:14] DEBUG sql: Executing (default): SELECT CONSTRAINT_NAME as constraint_name,CONSTRAINT_NAME as constraintName,CONSTRAINT_SCHEMA as constraintSchema,CONSTRAINT_SCHEMA as constraintCatalog,TABLE_NAME as tableName,TABLE_SCHEMA as tableSchema,TABLE_SCHEMA as tableCatalog,COLUMN_NAME as columnName,REFERENCED_TABLE_SCHEMA as referencedTableSchema,REFERENCED_TABLE_SCHEMA as referencedTableCatalog,REFERENCED_TABLE_NAME as referencedTableName,REFERENCED_COLUMN_NAME as referencedColumnName FROM INFORMATION_SCHEMA.KEY_COLUMN_USAGE where TABLE_NAME = 'Admins' AND CONSTRAINT_NAME!='PRIMARY' AND CONSTRAINT_SCHEMA='myschooldb' AND REFERENCED_TABLE_NAME IS NOT NULL; 

[2023-02-24 09:29:14] DEBUG sql: Executing (default): ALTER TABLE `Admins` CHANGE `loginId` `loginId` VARCHAR(255) NOT NULL; 

[2023-02-24 09:29:14] DEBUG sql: Executing (default): ALTER TABLE `Admins` CHANGE `loginPwd` `loginPwd` VARCHAR(255) NOT NULL; 

[2023-02-24 09:29:14] DEBUG sql: Executing (default): ALTER TABLE `Admins` CHANGE `deletedAt` `deletedAt` DATETIME; 

[2023-02-24 09:29:14] DEBUG sql: Executing (default): SHOW INDEX FROM `Admins` 

[2023-02-24 09:29:14] DEBUG sql: Executing (default): SELECT TABLE_NAME FROM INFORMATION_SCHEMA.TABLES WHERE TABLE_TYPE = 'BASE TABLE' AND TABLE_NAME = 'Books' AND TABLE_SCHEMA = 'myschooldb' 

[2023-02-24 09:29:14] DEBUG sql: Executing (default): SHOW FULL COLUMNS FROM `Books`; 

[2023-02-24 09:29:14] DEBUG sql: Executing (default): SELECT CONSTRAINT_NAME as constraint_name,CONSTRAINT_NAME as constraintName,CONSTRAINT_SCHEMA as constraintSchema,CONSTRAINT_SCHEMA as constraintCatalog,TABLE_NAME as tableName,TABLE_SCHEMA as tableSchema,TABLE_SCHEMA as tableCatalog,COLUMN_NAME as columnName,REFERENCED_TABLE_SCHEMA as referencedTableSchema,REFERENCED_TABLE_SCHEMA as referencedTableCatalog,REFERENCED_TABLE_NAME as referencedTableName,REFERENCED_COLUMN_NAME as referencedColumnName FROM INFORMATION_SCHEMA.KEY_COLUMN_USAGE where TABLE_NAME = 'Books' AND CONSTRAINT_NAME!='PRIMARY' AND CONSTRAINT_SCHEMA='myschooldb' AND REFERENCED_TABLE_NAME IS NOT NULL; 

[2023-02-24 09:29:14] DEBUG sql: Executing (default): ALTER TABLE `Books` CHANGE `name` `name` VARCHAR(255) NOT NULL; 

[2023-02-24 09:29:14] DEBUG sql: Executing (default): ALTER TABLE `Books` CHANGE `imgurl` `imgurl` VARCHAR(255); 

[2023-02-24 09:29:14] DEBUG sql: Executing (default): ALTER TABLE `Books` CHANGE `publishDate` `publishDate` VARCHAR(255) NOT NULL; 

[2023-02-24 09:29:14] DEBUG sql: Executing (default): ALTER TABLE `Books` CHANGE `author` `author` VARCHAR(255) NOT NULL; 

[2023-02-24 09:29:14] DEBUG sql: Executing (default): ALTER TABLE `Books` CHANGE `createdAt` `createdAt` DATETIME NOT NULL; 

[2023-02-24 09:29:14] DEBUG sql: Executing (default): ALTER TABLE `Books` CHANGE `updatedAt` `updatedAt` DATETIME NOT NULL; 

[2023-02-24 09:29:14] DEBUG sql: Executing (default): ALTER TABLE `Books` CHANGE `deletedAt` `deletedAt` DATETIME; 

[2023-02-24 09:29:14] DEBUG sql: Executing (default): SHOW INDEX FROM `Books` 

[2023-02-24 09:29:41] DEBUG sql: Executing (default): SELECT TABLE_NAME FROM INFORMATION_SCHEMA.TABLES WHERE TABLE_TYPE = 'BASE TABLE' AND TABLE_NAME = 'Classes' AND TABLE_SCHEMA = 'myschooldb' 

[2023-02-24 09:29:41] DEBUG sql: Executing (default): SHOW FULL COLUMNS FROM `Classes`; 

[2023-02-24 09:29:41] DEBUG sql: Executing (default): SELECT CONSTRAINT_NAME as constraint_name,CONSTRAINT_NAME as constraintName,CONSTRAINT_SCHEMA as constraintSchema,CONSTRAINT_SCHEMA as constraintCatalog,TABLE_NAME as tableName,TABLE_SCHEMA as tableSchema,TABLE_SCHEMA as tableCatalog,COLUMN_NAME as columnName,REFERENCED_TABLE_SCHEMA as referencedTableSchema,REFERENCED_TABLE_SCHEMA as referencedTableCatalog,REFERENCED_TABLE_NAME as referencedTableName,REFERENCED_COLUMN_NAME as referencedColumnName FROM INFORMATION_SCHEMA.KEY_COLUMN_USAGE where TABLE_NAME = 'Classes' AND CONSTRAINT_NAME!='PRIMARY' AND CONSTRAINT_SCHEMA='myschooldb' AND REFERENCED_TABLE_NAME IS NOT NULL; 

[2023-02-24 09:29:41] DEBUG sql: Executing (default): ALTER TABLE `Classes` CHANGE `name` `name` VARCHAR(255) NOT NULL; 

[2023-02-24 09:29:41] DEBUG sql: Executing (default): ALTER TABLE `Classes` CHANGE `openDate` `openDate` DATETIME NOT NULL; 

[2023-02-24 09:29:41] DEBUG sql: Executing (default): ALTER TABLE `Classes` CHANGE `createdAt` `createdAt` DATETIME NOT NULL; 

[2023-02-24 09:29:41] DEBUG sql: Executing (default): ALTER TABLE `Classes` CHANGE `updatedAt` `updatedAt` DATETIME NOT NULL; 

[2023-02-24 09:29:41] DEBUG sql: Executing (default): ALTER TABLE `Classes` CHANGE `deletedAt` `deletedAt` DATETIME; 

[2023-02-24 09:29:41] DEBUG sql: Executing (default): SHOW INDEX FROM `Classes` 

[2023-02-24 09:29:41] DEBUG sql: Executing (default): SELECT TABLE_NAME FROM INFORMATION_SCHEMA.TABLES WHERE TABLE_TYPE = 'BASE TABLE' AND TABLE_NAME = 'Students' AND TABLE_SCHEMA = 'myschooldb' 

[2023-02-24 09:29:41] DEBUG sql: Executing (default): SHOW FULL COLUMNS FROM `Students`; 

[2023-02-24 09:29:41] DEBUG sql: Executing (default): SELECT CONSTRAINT_NAME as constraint_name,CONSTRAINT_NAME as constraintName,CONSTRAINT_SCHEMA as constraintSchema,CONSTRAINT_SCHEMA as constraintCatalog,TABLE_NAME as tableName,TABLE_SCHEMA as tableSchema,TABLE_SCHEMA as tableCatalog,COLUMN_NAME as columnName,REFERENCED_TABLE_SCHEMA as referencedTableSchema,REFERENCED_TABLE_SCHEMA as referencedTableCatalog,REFERENCED_TABLE_NAME as referencedTableName,REFERENCED_COLUMN_NAME as referencedColumnName FROM INFORMATION_SCHEMA.KEY_COLUMN_USAGE where TABLE_NAME = 'Students' AND CONSTRAINT_NAME!='PRIMARY' AND CONSTRAINT_SCHEMA='myschooldb' AND REFERENCED_TABLE_NAME IS NOT NULL; 

[2023-02-24 09:29:41] DEBUG sql: Executing (default): ALTER TABLE `Students` CHANGE `name` `name` VARCHAR(255) NOT NULL; 

[2023-02-24 09:29:41] DEBUG sql: Executing (default): ALTER TABLE `Students` CHANGE `birthday` `birthday` DATETIME NOT NULL; 

[2023-02-24 09:29:41] DEBUG sql: Executing (default): ALTER TABLE `Students` CHANGE `sex` `sex` TINYINT(1) NOT NULL; 

[2023-02-24 09:29:41] DEBUG sql: Executing (default): ALTER TABLE `Students` CHANGE `mobile` `mobile` VARCHAR(11) NOT NULL; 

[2023-02-24 09:29:41] DEBUG sql: Executing (default): ALTER TABLE `Students` CHANGE `createdAt` `createdAt` DATETIME NOT NULL; 

[2023-02-24 09:29:41] DEBUG sql: Executing (default): ALTER TABLE `Students` CHANGE `updatedAt` `updatedAt` DATETIME NOT NULL; 

[2023-02-24 09:29:41] DEBUG sql: Executing (default): ALTER TABLE `Students` CHANGE `deletedAt` `deletedAt` DATETIME; 

[2023-02-24 09:29:41] DEBUG sql: Executing (default): SELECT CONSTRAINT_CATALOG AS constraintCatalog, CONSTRAINT_NAME AS constraintName, CONSTRAINT_SCHEMA AS constraintSchema, CONSTRAINT_TYPE AS constraintType, TABLE_NAME AS tableName, TABLE_SCHEMA AS tableSchema from INFORMATION_SCHEMA.TABLE_CONSTRAINTS WHERE table_name='Students' AND constraint_name = 'students_ibfk_1' AND TABLE_SCHEMA = 'myschooldb'; 

[2023-02-24 09:29:41] DEBUG sql: Executing (default): ALTER TABLE `Students` DROP FOREIGN KEY `students_ibfk_1`; 

[2023-02-24 09:29:41] DEBUG sql: Executing (default): ALTER TABLE `Students` ADD FOREIGN KEY (`ClassId`) REFERENCES `Classes` (`id`) ON DELETE SET NULL ON UPDATE CASCADE; 

[2023-02-24 09:29:41] DEBUG sql: Executing (default): SHOW INDEX FROM `Students` 

[2023-02-24 09:29:41] DEBUG sql: Executing (default): SELECT TABLE_NAME FROM INFORMATION_SCHEMA.TABLES WHERE TABLE_TYPE = 'BASE TABLE' AND TABLE_NAME = 'Admins' AND TABLE_SCHEMA = 'myschooldb' 

[2023-02-24 09:29:41] DEBUG sql: Executing (default): SHOW FULL COLUMNS FROM `Admins`; 

[2023-02-24 09:29:41] DEBUG sql: Executing (default): SELECT CONSTRAINT_NAME as constraint_name,CONSTRAINT_NAME as constraintName,CONSTRAINT_SCHEMA as constraintSchema,CONSTRAINT_SCHEMA as constraintCatalog,TABLE_NAME as tableName,TABLE_SCHEMA as tableSchema,TABLE_SCHEMA as tableCatalog,COLUMN_NAME as columnName,REFERENCED_TABLE_SCHEMA as referencedTableSchema,REFERENCED_TABLE_SCHEMA as referencedTableCatalog,REFERENCED_TABLE_NAME as referencedTableName,REFERENCED_COLUMN_NAME as referencedColumnName FROM INFORMATION_SCHEMA.KEY_COLUMN_USAGE where TABLE_NAME = 'Admins' AND CONSTRAINT_NAME!='PRIMARY' AND CONSTRAINT_SCHEMA='myschooldb' AND REFERENCED_TABLE_NAME IS NOT NULL; 

[2023-02-24 09:29:41] DEBUG sql: Executing (default): ALTER TABLE `Admins` CHANGE `loginId` `loginId` VARCHAR(255) NOT NULL; 

[2023-02-24 09:29:41] DEBUG sql: Executing (default): ALTER TABLE `Admins` CHANGE `loginPwd` `loginPwd` VARCHAR(255) NOT NULL; 

[2023-02-24 09:29:41] DEBUG sql: Executing (default): ALTER TABLE `Admins` CHANGE `deletedAt` `deletedAt` DATETIME; 

[2023-02-24 09:29:41] DEBUG sql: Executing (default): SHOW INDEX FROM `Admins` 

[2023-02-24 09:29:41] DEBUG sql: Executing (default): SELECT TABLE_NAME FROM INFORMATION_SCHEMA.TABLES WHERE TABLE_TYPE = 'BASE TABLE' AND TABLE_NAME = 'Books' AND TABLE_SCHEMA = 'myschooldb' 

[2023-02-24 09:29:41] DEBUG sql: Executing (default): SHOW FULL COLUMNS FROM `Books`; 

[2023-02-24 09:29:41] DEBUG sql: Executing (default): SELECT CONSTRAINT_NAME as constraint_name,CONSTRAINT_NAME as constraintName,CONSTRAINT_SCHEMA as constraintSchema,CONSTRAINT_SCHEMA as constraintCatalog,TABLE_NAME as tableName,TABLE_SCHEMA as tableSchema,TABLE_SCHEMA as tableCatalog,COLUMN_NAME as columnName,REFERENCED_TABLE_SCHEMA as referencedTableSchema,REFERENCED_TABLE_SCHEMA as referencedTableCatalog,REFERENCED_TABLE_NAME as referencedTableName,REFERENCED_COLUMN_NAME as referencedColumnName FROM INFORMATION_SCHEMA.KEY_COLUMN_USAGE where TABLE_NAME = 'Books' AND CONSTRAINT_NAME!='PRIMARY' AND CONSTRAINT_SCHEMA='myschooldb' AND REFERENCED_TABLE_NAME IS NOT NULL; 

[2023-02-24 09:29:41] DEBUG sql: Executing (default): ALTER TABLE `Books` CHANGE `name` `name` VARCHAR(255) NOT NULL; 

[2023-02-24 09:29:41] DEBUG sql: Executing (default): ALTER TABLE `Books` CHANGE `imgurl` `imgurl` VARCHAR(255); 

[2023-02-24 09:29:42] DEBUG sql: Executing (default): ALTER TABLE `Books` CHANGE `publishDate` `publishDate` VARCHAR(255) NOT NULL; 

[2023-02-24 09:29:42] DEBUG sql: Executing (default): ALTER TABLE `Books` CHANGE `author` `author` VARCHAR(255) NOT NULL; 

[2023-02-24 09:29:42] DEBUG sql: Executing (default): ALTER TABLE `Books` CHANGE `createdAt` `createdAt` DATETIME NOT NULL; 

[2023-02-24 09:29:42] DEBUG sql: Executing (default): ALTER TABLE `Books` CHANGE `updatedAt` `updatedAt` DATETIME NOT NULL; 

[2023-02-24 09:29:42] DEBUG sql: Executing (default): ALTER TABLE `Books` CHANGE `deletedAt` `deletedAt` DATETIME; 

[2023-02-24 09:29:42] DEBUG sql: Executing (default): SHOW INDEX FROM `Books` 

[2023-02-24 09:32:40] DEBUG sql: Executing (default): SELECT TABLE_NAME FROM INFORMATION_SCHEMA.TABLES WHERE TABLE_TYPE = 'BASE TABLE' AND TABLE_NAME = 'Classes' AND TABLE_SCHEMA = 'myschooldb' 

[2023-02-24 09:32:40] DEBUG sql: Executing (default): SHOW FULL COLUMNS FROM `Classes`; 

[2023-02-24 09:32:40] DEBUG sql: Executing (default): SELECT CONSTRAINT_NAME as constraint_name,CONSTRAINT_NAME as constraintName,CONSTRAINT_SCHEMA as constraintSchema,CONSTRAINT_SCHEMA as constraintCatalog,TABLE_NAME as tableName,TABLE_SCHEMA as tableSchema,TABLE_SCHEMA as tableCatalog,COLUMN_NAME as columnName,REFERENCED_TABLE_SCHEMA as referencedTableSchema,REFERENCED_TABLE_SCHEMA as referencedTableCatalog,REFERENCED_TABLE_NAME as referencedTableName,REFERENCED_COLUMN_NAME as referencedColumnName FROM INFORMATION_SCHEMA.KEY_COLUMN_USAGE where TABLE_NAME = 'Classes' AND CONSTRAINT_NAME!='PRIMARY' AND CONSTRAINT_SCHEMA='myschooldb' AND REFERENCED_TABLE_NAME IS NOT NULL; 

[2023-02-24 09:32:40] DEBUG sql: Executing (default): ALTER TABLE `Classes` CHANGE `name` `name` VARCHAR(255) NOT NULL; 

[2023-02-24 09:32:40] DEBUG sql: Executing (default): ALTER TABLE `Classes` CHANGE `openDate` `openDate` DATETIME NOT NULL; 

[2023-02-24 09:32:40] DEBUG sql: Executing (default): ALTER TABLE `Classes` CHANGE `createdAt` `createdAt` DATETIME NOT NULL; 

[2023-02-24 09:32:40] DEBUG sql: Executing (default): ALTER TABLE `Classes` CHANGE `updatedAt` `updatedAt` DATETIME NOT NULL; 

[2023-02-24 09:32:40] DEBUG sql: Executing (default): ALTER TABLE `Classes` CHANGE `deletedAt` `deletedAt` DATETIME; 

[2023-02-24 09:32:40] DEBUG sql: Executing (default): SHOW INDEX FROM `Classes` 

[2023-02-24 09:32:40] DEBUG sql: Executing (default): SELECT TABLE_NAME FROM INFORMATION_SCHEMA.TABLES WHERE TABLE_TYPE = 'BASE TABLE' AND TABLE_NAME = 'Students' AND TABLE_SCHEMA = 'myschooldb' 

[2023-02-24 09:32:40] DEBUG sql: Executing (default): SHOW FULL COLUMNS FROM `Students`; 

[2023-02-24 09:32:40] DEBUG sql: Executing (default): SELECT CONSTRAINT_NAME as constraint_name,CONSTRAINT_NAME as constraintName,CONSTRAINT_SCHEMA as constraintSchema,CONSTRAINT_SCHEMA as constraintCatalog,TABLE_NAME as tableName,TABLE_SCHEMA as tableSchema,TABLE_SCHEMA as tableCatalog,COLUMN_NAME as columnName,REFERENCED_TABLE_SCHEMA as referencedTableSchema,REFERENCED_TABLE_SCHEMA as referencedTableCatalog,REFERENCED_TABLE_NAME as referencedTableName,REFERENCED_COLUMN_NAME as referencedColumnName FROM INFORMATION_SCHEMA.KEY_COLUMN_USAGE where TABLE_NAME = 'Students' AND CONSTRAINT_NAME!='PRIMARY' AND CONSTRAINT_SCHEMA='myschooldb' AND REFERENCED_TABLE_NAME IS NOT NULL; 

[2023-02-24 09:32:40] DEBUG sql: Executing (default): ALTER TABLE `Students` CHANGE `name` `name` VARCHAR(255) NOT NULL; 

[2023-02-24 09:32:40] DEBUG sql: Executing (default): ALTER TABLE `Students` CHANGE `birthday` `birthday` DATETIME NOT NULL; 

[2023-02-24 09:32:40] DEBUG sql: Executing (default): ALTER TABLE `Students` CHANGE `sex` `sex` TINYINT(1) NOT NULL; 

[2023-02-24 09:32:40] DEBUG sql: Executing (default): ALTER TABLE `Students` CHANGE `mobile` `mobile` VARCHAR(11) NOT NULL; 

[2023-02-24 09:32:40] DEBUG sql: Executing (default): ALTER TABLE `Students` CHANGE `createdAt` `createdAt` DATETIME NOT NULL; 

[2023-02-24 09:32:40] DEBUG sql: Executing (default): ALTER TABLE `Students` CHANGE `updatedAt` `updatedAt` DATETIME NOT NULL; 

[2023-02-24 09:32:40] DEBUG sql: Executing (default): ALTER TABLE `Students` CHANGE `deletedAt` `deletedAt` DATETIME; 

[2023-02-24 09:32:40] DEBUG sql: Executing (default): SELECT CONSTRAINT_CATALOG AS constraintCatalog, CONSTRAINT_NAME AS constraintName, CONSTRAINT_SCHEMA AS constraintSchema, CONSTRAINT_TYPE AS constraintType, TABLE_NAME AS tableName, TABLE_SCHEMA AS tableSchema from INFORMATION_SCHEMA.TABLE_CONSTRAINTS WHERE table_name='Students' AND constraint_name = 'students_ibfk_1' AND TABLE_SCHEMA = 'myschooldb'; 

[2023-02-24 09:32:40] DEBUG sql: Executing (default): ALTER TABLE `Students` DROP FOREIGN KEY `students_ibfk_1`; 

[2023-02-24 09:32:40] DEBUG sql: Executing (default): ALTER TABLE `Students` ADD FOREIGN KEY (`ClassId`) REFERENCES `Classes` (`id`) ON DELETE SET NULL ON UPDATE CASCADE; 

[2023-02-24 09:32:40] DEBUG sql: Executing (default): SHOW INDEX FROM `Students` 

[2023-02-24 09:32:40] DEBUG sql: Executing (default): SELECT TABLE_NAME FROM INFORMATION_SCHEMA.TABLES WHERE TABLE_TYPE = 'BASE TABLE' AND TABLE_NAME = 'Admins' AND TABLE_SCHEMA = 'myschooldb' 

[2023-02-24 09:32:40] DEBUG sql: Executing (default): SHOW FULL COLUMNS FROM `Admins`; 

[2023-02-24 09:32:40] DEBUG sql: Executing (default): SELECT CONSTRAINT_NAME as constraint_name,CONSTRAINT_NAME as constraintName,CONSTRAINT_SCHEMA as constraintSchema,CONSTRAINT_SCHEMA as constraintCatalog,TABLE_NAME as tableName,TABLE_SCHEMA as tableSchema,TABLE_SCHEMA as tableCatalog,COLUMN_NAME as columnName,REFERENCED_TABLE_SCHEMA as referencedTableSchema,REFERENCED_TABLE_SCHEMA as referencedTableCatalog,REFERENCED_TABLE_NAME as referencedTableName,REFERENCED_COLUMN_NAME as referencedColumnName FROM INFORMATION_SCHEMA.KEY_COLUMN_USAGE where TABLE_NAME = 'Admins' AND CONSTRAINT_NAME!='PRIMARY' AND CONSTRAINT_SCHEMA='myschooldb' AND REFERENCED_TABLE_NAME IS NOT NULL; 

[2023-02-24 09:32:40] DEBUG sql: Executing (default): ALTER TABLE `Admins` CHANGE `loginId` `loginId` VARCHAR(255) NOT NULL; 

[2023-02-24 09:32:40] DEBUG sql: Executing (default): ALTER TABLE `Admins` CHANGE `loginPwd` `loginPwd` VARCHAR(255) NOT NULL; 

[2023-02-24 09:32:40] DEBUG sql: Executing (default): ALTER TABLE `Admins` CHANGE `deletedAt` `deletedAt` DATETIME; 

[2023-02-24 09:32:40] DEBUG sql: Executing (default): SHOW INDEX FROM `Admins` 

[2023-02-24 09:32:40] DEBUG sql: Executing (default): SELECT TABLE_NAME FROM INFORMATION_SCHEMA.TABLES WHERE TABLE_TYPE = 'BASE TABLE' AND TABLE_NAME = 'Books' AND TABLE_SCHEMA = 'myschooldb' 

[2023-02-24 09:32:40] DEBUG sql: Executing (default): SHOW FULL COLUMNS FROM `Books`; 

[2023-02-24 09:32:40] DEBUG sql: Executing (default): SELECT CONSTRAINT_NAME as constraint_name,CONSTRAINT_NAME as constraintName,CONSTRAINT_SCHEMA as constraintSchema,CONSTRAINT_SCHEMA as constraintCatalog,TABLE_NAME as tableName,TABLE_SCHEMA as tableSchema,TABLE_SCHEMA as tableCatalog,COLUMN_NAME as columnName,REFERENCED_TABLE_SCHEMA as referencedTableSchema,REFERENCED_TABLE_SCHEMA as referencedTableCatalog,REFERENCED_TABLE_NAME as referencedTableName,REFERENCED_COLUMN_NAME as referencedColumnName FROM INFORMATION_SCHEMA.KEY_COLUMN_USAGE where TABLE_NAME = 'Books' AND CONSTRAINT_NAME!='PRIMARY' AND CONSTRAINT_SCHEMA='myschooldb' AND REFERENCED_TABLE_NAME IS NOT NULL; 

[2023-02-24 09:32:40] DEBUG sql: Executing (default): ALTER TABLE `Books` CHANGE `name` `name` VARCHAR(255) NOT NULL; 

[2023-02-24 09:32:40] DEBUG sql: Executing (default): ALTER TABLE `Books` CHANGE `imgurl` `imgurl` VARCHAR(255); 

[2023-02-24 09:32:40] DEBUG sql: Executing (default): ALTER TABLE `Books` CHANGE `publishDate` `publishDate` VARCHAR(255) NOT NULL; 

[2023-02-24 09:32:40] DEBUG sql: Executing (default): ALTER TABLE `Books` CHANGE `author` `author` VARCHAR(255) NOT NULL; 

[2023-02-24 09:32:40] DEBUG sql: Executing (default): ALTER TABLE `Books` CHANGE `createdAt` `createdAt` DATETIME NOT NULL; 

[2023-02-24 09:32:40] DEBUG sql: Executing (default): ALTER TABLE `Books` CHANGE `updatedAt` `updatedAt` DATETIME NOT NULL; 

[2023-02-24 09:32:40] DEBUG sql: Executing (default): ALTER TABLE `Books` CHANGE `deletedAt` `deletedAt` DATETIME; 

[2023-02-24 09:32:40] DEBUG sql: Executing (default): SHOW INDEX FROM `Books` 

[2023-02-24 10:38:32] DEBUG sql: Executing (default): SELECT TABLE_NAME FROM INFORMATION_SCHEMA.TABLES WHERE TABLE_TYPE = 'BASE TABLE' AND TABLE_NAME = 'Classes' AND TABLE_SCHEMA = 'myschooldb' 

[2023-02-24 10:38:32] DEBUG sql: Executing (default): SHOW FULL COLUMNS FROM `Classes`; 

[2023-02-24 10:38:32] DEBUG sql: Executing (default): SELECT CONSTRAINT_NAME as constraint_name,CONSTRAINT_NAME as constraintName,CONSTRAINT_SCHEMA as constraintSchema,CONSTRAINT_SCHEMA as constraintCatalog,TABLE_NAME as tableName,TABLE_SCHEMA as tableSchema,TABLE_SCHEMA as tableCatalog,COLUMN_NAME as columnName,REFERENCED_TABLE_SCHEMA as referencedTableSchema,REFERENCED_TABLE_SCHEMA as referencedTableCatalog,REFERENCED_TABLE_NAME as referencedTableName,REFERENCED_COLUMN_NAME as referencedColumnName FROM INFORMATION_SCHEMA.KEY_COLUMN_USAGE where TABLE_NAME = 'Classes' AND CONSTRAINT_NAME!='PRIMARY' AND CONSTRAINT_SCHEMA='myschooldb' AND REFERENCED_TABLE_NAME IS NOT NULL; 

[2023-02-24 10:38:32] DEBUG sql: Executing (default): ALTER TABLE `Classes` CHANGE `name` `name` VARCHAR(255) NOT NULL; 

[2023-02-24 10:38:32] DEBUG sql: Executing (default): ALTER TABLE `Classes` CHANGE `openDate` `openDate` DATETIME NOT NULL; 

[2023-02-24 10:38:32] DEBUG sql: Executing (default): ALTER TABLE `Classes` CHANGE `createdAt` `createdAt` DATETIME NOT NULL; 

[2023-02-24 10:38:32] DEBUG sql: Executing (default): ALTER TABLE `Classes` CHANGE `updatedAt` `updatedAt` DATETIME NOT NULL; 

[2023-02-24 10:38:32] DEBUG sql: Executing (default): ALTER TABLE `Classes` CHANGE `deletedAt` `deletedAt` DATETIME; 

[2023-02-24 10:38:32] DEBUG sql: Executing (default): SHOW INDEX FROM `Classes` 

[2023-02-24 10:38:32] DEBUG sql: Executing (default): SELECT TABLE_NAME FROM INFORMATION_SCHEMA.TABLES WHERE TABLE_TYPE = 'BASE TABLE' AND TABLE_NAME = 'Students' AND TABLE_SCHEMA = 'myschooldb' 

[2023-02-24 10:38:32] DEBUG sql: Executing (default): SHOW FULL COLUMNS FROM `Students`; 

[2023-02-24 10:38:32] DEBUG sql: Executing (default): SELECT CONSTRAINT_NAME as constraint_name,CONSTRAINT_NAME as constraintName,CONSTRAINT_SCHEMA as constraintSchema,CONSTRAINT_SCHEMA as constraintCatalog,TABLE_NAME as tableName,TABLE_SCHEMA as tableSchema,TABLE_SCHEMA as tableCatalog,COLUMN_NAME as columnName,REFERENCED_TABLE_SCHEMA as referencedTableSchema,REFERENCED_TABLE_SCHEMA as referencedTableCatalog,REFERENCED_TABLE_NAME as referencedTableName,REFERENCED_COLUMN_NAME as referencedColumnName FROM INFORMATION_SCHEMA.KEY_COLUMN_USAGE where TABLE_NAME = 'Students' AND CONSTRAINT_NAME!='PRIMARY' AND CONSTRAINT_SCHEMA='myschooldb' AND REFERENCED_TABLE_NAME IS NOT NULL; 

[2023-02-24 10:38:32] DEBUG sql: Executing (default): ALTER TABLE `Students` CHANGE `name` `name` VARCHAR(255) NOT NULL; 

[2023-02-24 10:38:32] DEBUG sql: Executing (default): ALTER TABLE `Students` CHANGE `birthday` `birthday` DATETIME NOT NULL; 

[2023-02-24 10:38:32] DEBUG sql: Executing (default): ALTER TABLE `Students` CHANGE `sex` `sex` TINYINT(1) NOT NULL; 

[2023-02-24 10:38:32] DEBUG sql: Executing (default): ALTER TABLE `Students` CHANGE `mobile` `mobile` VARCHAR(11) NOT NULL; 

[2023-02-24 10:38:32] DEBUG sql: Executing (default): ALTER TABLE `Students` CHANGE `createdAt` `createdAt` DATETIME NOT NULL; 

[2023-02-24 10:38:32] DEBUG sql: Executing (default): ALTER TABLE `Students` CHANGE `updatedAt` `updatedAt` DATETIME NOT NULL; 

[2023-02-24 10:38:32] DEBUG sql: Executing (default): ALTER TABLE `Students` CHANGE `deletedAt` `deletedAt` DATETIME; 

[2023-02-24 10:38:32] DEBUG sql: Executing (default): SELECT CONSTRAINT_CATALOG AS constraintCatalog, CONSTRAINT_NAME AS constraintName, CONSTRAINT_SCHEMA AS constraintSchema, CONSTRAINT_TYPE AS constraintType, TABLE_NAME AS tableName, TABLE_SCHEMA AS tableSchema from INFORMATION_SCHEMA.TABLE_CONSTRAINTS WHERE table_name='Students' AND constraint_name = 'students_ibfk_1' AND TABLE_SCHEMA = 'myschooldb'; 

[2023-02-24 10:38:32] DEBUG sql: Executing (default): ALTER TABLE `Students` DROP FOREIGN KEY `students_ibfk_1`; 

[2023-02-24 10:38:32] DEBUG sql: Executing (default): ALTER TABLE `Students` ADD FOREIGN KEY (`ClassId`) REFERENCES `Classes` (`id`) ON DELETE SET NULL ON UPDATE CASCADE; 

[2023-02-24 10:38:32] DEBUG sql: Executing (default): SHOW INDEX FROM `Students` 

[2023-02-24 10:38:32] DEBUG sql: Executing (default): SELECT TABLE_NAME FROM INFORMATION_SCHEMA.TABLES WHERE TABLE_TYPE = 'BASE TABLE' AND TABLE_NAME = 'Admins' AND TABLE_SCHEMA = 'myschooldb' 

[2023-02-24 10:38:32] DEBUG sql: Executing (default): SHOW FULL COLUMNS FROM `Admins`; 

[2023-02-24 10:38:32] DEBUG sql: Executing (default): SELECT CONSTRAINT_NAME as constraint_name,CONSTRAINT_NAME as constraintName,CONSTRAINT_SCHEMA as constraintSchema,CONSTRAINT_SCHEMA as constraintCatalog,TABLE_NAME as tableName,TABLE_SCHEMA as tableSchema,TABLE_SCHEMA as tableCatalog,COLUMN_NAME as columnName,REFERENCED_TABLE_SCHEMA as referencedTableSchema,REFERENCED_TABLE_SCHEMA as referencedTableCatalog,REFERENCED_TABLE_NAME as referencedTableName,REFERENCED_COLUMN_NAME as referencedColumnName FROM INFORMATION_SCHEMA.KEY_COLUMN_USAGE where TABLE_NAME = 'Admins' AND CONSTRAINT_NAME!='PRIMARY' AND CONSTRAINT_SCHEMA='myschooldb' AND REFERENCED_TABLE_NAME IS NOT NULL; 

[2023-02-24 10:38:32] DEBUG sql: Executing (default): ALTER TABLE `Admins` CHANGE `loginId` `loginId` VARCHAR(255) NOT NULL; 

[2023-02-24 10:38:32] DEBUG sql: Executing (default): ALTER TABLE `Admins` CHANGE `loginPwd` `loginPwd` VARCHAR(255) NOT NULL; 

[2023-02-24 10:38:32] DEBUG sql: Executing (default): ALTER TABLE `Admins` CHANGE `deletedAt` `deletedAt` DATETIME; 

[2023-02-24 10:38:32] DEBUG sql: Executing (default): SHOW INDEX FROM `Admins` 

[2023-02-24 10:38:32] DEBUG sql: Executing (default): SELECT TABLE_NAME FROM INFORMATION_SCHEMA.TABLES WHERE TABLE_TYPE = 'BASE TABLE' AND TABLE_NAME = 'Books' AND TABLE_SCHEMA = 'myschooldb' 

[2023-02-24 10:38:32] DEBUG sql: Executing (default): SHOW FULL COLUMNS FROM `Books`; 

[2023-02-24 10:38:32] DEBUG sql: Executing (default): SELECT CONSTRAINT_NAME as constraint_name,CONSTRAINT_NAME as constraintName,CONSTRAINT_SCHEMA as constraintSchema,CONSTRAINT_SCHEMA as constraintCatalog,TABLE_NAME as tableName,TABLE_SCHEMA as tableSchema,TABLE_SCHEMA as tableCatalog,COLUMN_NAME as columnName,REFERENCED_TABLE_SCHEMA as referencedTableSchema,REFERENCED_TABLE_SCHEMA as referencedTableCatalog,REFERENCED_TABLE_NAME as referencedTableName,REFERENCED_COLUMN_NAME as referencedColumnName FROM INFORMATION_SCHEMA.KEY_COLUMN_USAGE where TABLE_NAME = 'Books' AND CONSTRAINT_NAME!='PRIMARY' AND CONSTRAINT_SCHEMA='myschooldb' AND REFERENCED_TABLE_NAME IS NOT NULL; 

[2023-02-24 10:38:32] DEBUG sql: Executing (default): ALTER TABLE `Books` CHANGE `name` `name` VARCHAR(255) NOT NULL; 

[2023-02-24 10:38:32] DEBUG sql: Executing (default): ALTER TABLE `Books` CHANGE `imgurl` `imgurl` VARCHAR(255); 

[2023-02-24 10:38:32] DEBUG sql: Executing (default): ALTER TABLE `Books` CHANGE `publishDate` `publishDate` VARCHAR(255) NOT NULL; 

[2023-02-24 10:38:32] DEBUG sql: Executing (default): ALTER TABLE `Books` CHANGE `author` `author` VARCHAR(255) NOT NULL; 

[2023-02-24 10:38:32] DEBUG sql: Executing (default): ALTER TABLE `Books` CHANGE `createdAt` `createdAt` DATETIME NOT NULL; 

[2023-02-24 10:38:32] DEBUG sql: Executing (default): ALTER TABLE `Books` CHANGE `updatedAt` `updatedAt` DATETIME NOT NULL; 

[2023-02-24 10:38:32] DEBUG sql: Executing (default): ALTER TABLE `Books` CHANGE `deletedAt` `deletedAt` DATETIME; 

[2023-02-24 10:38:32] DEBUG sql: Executing (default): SHOW INDEX FROM `Books` 

[2023-02-24 11:07:39] DEBUG sql: Executing (default): SELECT TABLE_NAME FROM INFORMATION_SCHEMA.TABLES WHERE TABLE_TYPE = 'BASE TABLE' AND TABLE_NAME = 'Classes' AND TABLE_SCHEMA = 'myschooldb' 

[2023-02-24 11:07:39] DEBUG sql: Executing (default): SHOW FULL COLUMNS FROM `Classes`; 

[2023-02-24 11:07:39] DEBUG sql: Executing (default): SELECT CONSTRAINT_NAME as constraint_name,CONSTRAINT_NAME as constraintName,CONSTRAINT_SCHEMA as constraintSchema,CONSTRAINT_SCHEMA as constraintCatalog,TABLE_NAME as tableName,TABLE_SCHEMA as tableSchema,TABLE_SCHEMA as tableCatalog,COLUMN_NAME as columnName,REFERENCED_TABLE_SCHEMA as referencedTableSchema,REFERENCED_TABLE_SCHEMA as referencedTableCatalog,REFERENCED_TABLE_NAME as referencedTableName,REFERENCED_COLUMN_NAME as referencedColumnName FROM INFORMATION_SCHEMA.KEY_COLUMN_USAGE where TABLE_NAME = 'Classes' AND CONSTRAINT_NAME!='PRIMARY' AND CONSTRAINT_SCHEMA='myschooldb' AND REFERENCED_TABLE_NAME IS NOT NULL; 

[2023-02-24 11:07:39] DEBUG sql: Executing (default): ALTER TABLE `Classes` CHANGE `name` `name` VARCHAR(255) NOT NULL; 

[2023-02-24 11:07:39] DEBUG sql: Executing (default): ALTER TABLE `Classes` CHANGE `openDate` `openDate` DATETIME NOT NULL; 

[2023-02-24 11:07:39] DEBUG sql: Executing (default): ALTER TABLE `Classes` CHANGE `createdAt` `createdAt` DATETIME NOT NULL; 

[2023-02-24 11:07:39] DEBUG sql: Executing (default): ALTER TABLE `Classes` CHANGE `updatedAt` `updatedAt` DATETIME NOT NULL; 

[2023-02-24 11:07:39] DEBUG sql: Executing (default): ALTER TABLE `Classes` CHANGE `deletedAt` `deletedAt` DATETIME; 

[2023-02-24 11:07:39] DEBUG sql: Executing (default): SHOW INDEX FROM `Classes` 

[2023-02-24 11:07:39] DEBUG sql: Executing (default): SELECT TABLE_NAME FROM INFORMATION_SCHEMA.TABLES WHERE TABLE_TYPE = 'BASE TABLE' AND TABLE_NAME = 'Students' AND TABLE_SCHEMA = 'myschooldb' 

[2023-02-24 11:07:39] DEBUG sql: Executing (default): SHOW FULL COLUMNS FROM `Students`; 

[2023-02-24 11:07:39] DEBUG sql: Executing (default): SELECT CONSTRAINT_NAME as constraint_name,CONSTRAINT_NAME as constraintName,CONSTRAINT_SCHEMA as constraintSchema,CONSTRAINT_SCHEMA as constraintCatalog,TABLE_NAME as tableName,TABLE_SCHEMA as tableSchema,TABLE_SCHEMA as tableCatalog,COLUMN_NAME as columnName,REFERENCED_TABLE_SCHEMA as referencedTableSchema,REFERENCED_TABLE_SCHEMA as referencedTableCatalog,REFERENCED_TABLE_NAME as referencedTableName,REFERENCED_COLUMN_NAME as referencedColumnName FROM INFORMATION_SCHEMA.KEY_COLUMN_USAGE where TABLE_NAME = 'Students' AND CONSTRAINT_NAME!='PRIMARY' AND CONSTRAINT_SCHEMA='myschooldb' AND REFERENCED_TABLE_NAME IS NOT NULL; 

[2023-02-24 11:07:39] DEBUG sql: Executing (default): ALTER TABLE `Students` CHANGE `name` `name` VARCHAR(255) NOT NULL; 

[2023-02-24 11:07:39] DEBUG sql: Executing (default): ALTER TABLE `Students` CHANGE `birthday` `birthday` DATETIME NOT NULL; 

[2023-02-24 11:07:39] DEBUG sql: Executing (default): ALTER TABLE `Students` CHANGE `sex` `sex` TINYINT(1) NOT NULL; 

[2023-02-24 11:07:39] DEBUG sql: Executing (default): ALTER TABLE `Students` CHANGE `mobile` `mobile` VARCHAR(11) NOT NULL; 

[2023-02-24 11:07:39] DEBUG sql: Executing (default): ALTER TABLE `Students` CHANGE `createdAt` `createdAt` DATETIME NOT NULL; 

[2023-02-24 11:07:39] DEBUG sql: Executing (default): ALTER TABLE `Students` CHANGE `updatedAt` `updatedAt` DATETIME NOT NULL; 

[2023-02-24 11:07:39] DEBUG sql: Executing (default): ALTER TABLE `Students` CHANGE `deletedAt` `deletedAt` DATETIME; 

[2023-02-24 11:07:39] DEBUG sql: Executing (default): SELECT CONSTRAINT_CATALOG AS constraintCatalog, CONSTRAINT_NAME AS constraintName, CONSTRAINT_SCHEMA AS constraintSchema, CONSTRAINT_TYPE AS constraintType, TABLE_NAME AS tableName, TABLE_SCHEMA AS tableSchema from INFORMATION_SCHEMA.TABLE_CONSTRAINTS WHERE table_name='Students' AND constraint_name = 'students_ibfk_1' AND TABLE_SCHEMA = 'myschooldb'; 

[2023-02-24 11:07:39] DEBUG sql: Executing (default): ALTER TABLE `Students` DROP FOREIGN KEY `students_ibfk_1`; 

[2023-02-24 11:07:39] DEBUG sql: Executing (default): ALTER TABLE `Students` ADD FOREIGN KEY (`ClassId`) REFERENCES `Classes` (`id`) ON DELETE SET NULL ON UPDATE CASCADE; 

[2023-02-24 11:07:39] DEBUG sql: Executing (default): SHOW INDEX FROM `Students` 

[2023-02-24 11:07:39] DEBUG sql: Executing (default): SELECT TABLE_NAME FROM INFORMATION_SCHEMA.TABLES WHERE TABLE_TYPE = 'BASE TABLE' AND TABLE_NAME = 'Admins' AND TABLE_SCHEMA = 'myschooldb' 

[2023-02-24 11:07:39] DEBUG sql: Executing (default): SHOW FULL COLUMNS FROM `Admins`; 

[2023-02-24 11:07:39] DEBUG sql: Executing (default): SELECT CONSTRAINT_NAME as constraint_name,CONSTRAINT_NAME as constraintName,CONSTRAINT_SCHEMA as constraintSchema,CONSTRAINT_SCHEMA as constraintCatalog,TABLE_NAME as tableName,TABLE_SCHEMA as tableSchema,TABLE_SCHEMA as tableCatalog,COLUMN_NAME as columnName,REFERENCED_TABLE_SCHEMA as referencedTableSchema,REFERENCED_TABLE_SCHEMA as referencedTableCatalog,REFERENCED_TABLE_NAME as referencedTableName,REFERENCED_COLUMN_NAME as referencedColumnName FROM INFORMATION_SCHEMA.KEY_COLUMN_USAGE where TABLE_NAME = 'Admins' AND CONSTRAINT_NAME!='PRIMARY' AND CONSTRAINT_SCHEMA='myschooldb' AND REFERENCED_TABLE_NAME IS NOT NULL; 

[2023-02-24 11:07:39] DEBUG sql: Executing (default): ALTER TABLE `Admins` CHANGE `loginId` `loginId` VARCHAR(255) NOT NULL; 

[2023-02-24 11:07:39] DEBUG sql: Executing (default): ALTER TABLE `Admins` CHANGE `loginPwd` `loginPwd` VARCHAR(255) NOT NULL; 

[2023-02-24 11:07:39] DEBUG sql: Executing (default): ALTER TABLE `Admins` CHANGE `deletedAt` `deletedAt` DATETIME; 

[2023-02-24 11:07:39] DEBUG sql: Executing (default): SHOW INDEX FROM `Admins` 

[2023-02-24 11:07:39] DEBUG sql: Executing (default): SELECT TABLE_NAME FROM INFORMATION_SCHEMA.TABLES WHERE TABLE_TYPE = 'BASE TABLE' AND TABLE_NAME = 'Books' AND TABLE_SCHEMA = 'myschooldb' 

[2023-02-24 11:07:39] DEBUG sql: Executing (default): SHOW FULL COLUMNS FROM `Books`; 

[2023-02-24 11:07:39] DEBUG sql: Executing (default): SELECT CONSTRAINT_NAME as constraint_name,CONSTRAINT_NAME as constraintName,CONSTRAINT_SCHEMA as constraintSchema,CONSTRAINT_SCHEMA as constraintCatalog,TABLE_NAME as tableName,TABLE_SCHEMA as tableSchema,TABLE_SCHEMA as tableCatalog,COLUMN_NAME as columnName,REFERENCED_TABLE_SCHEMA as referencedTableSchema,REFERENCED_TABLE_SCHEMA as referencedTableCatalog,REFERENCED_TABLE_NAME as referencedTableName,REFERENCED_COLUMN_NAME as referencedColumnName FROM INFORMATION_SCHEMA.KEY_COLUMN_USAGE where TABLE_NAME = 'Books' AND CONSTRAINT_NAME!='PRIMARY' AND CONSTRAINT_SCHEMA='myschooldb' AND REFERENCED_TABLE_NAME IS NOT NULL; 

[2023-02-24 11:07:39] DEBUG sql: Executing (default): ALTER TABLE `Books` CHANGE `name` `name` VARCHAR(255) NOT NULL; 

[2023-02-24 11:07:39] DEBUG sql: Executing (default): ALTER TABLE `Books` CHANGE `imgurl` `imgurl` VARCHAR(255); 

[2023-02-24 11:07:39] DEBUG sql: Executing (default): ALTER TABLE `Books` CHANGE `publishDate` `publishDate` VARCHAR(255) NOT NULL; 

[2023-02-24 11:07:39] DEBUG sql: Executing (default): ALTER TABLE `Books` CHANGE `author` `author` VARCHAR(255) NOT NULL; 

[2023-02-24 11:07:39] DEBUG sql: Executing (default): ALTER TABLE `Books` CHANGE `createdAt` `createdAt` DATETIME NOT NULL; 

[2023-02-24 11:07:39] DEBUG sql: Executing (default): ALTER TABLE `Books` CHANGE `updatedAt` `updatedAt` DATETIME NOT NULL; 

[2023-02-24 11:07:39] DEBUG sql: Executing (default): ALTER TABLE `Books` CHANGE `deletedAt` `deletedAt` DATETIME; 

[2023-02-24 11:07:39] DEBUG sql: Executing (default): SHOW INDEX FROM `Books` 

[2023-02-24 11:07:42] DEBUG sql: Executing (default): SELECT count(`Student`.`id`) AS `count` FROM `Students` AS `Student` LEFT OUTER JOIN `Classes` AS `Class` ON `Student`.`ClassId` = `Class`.`id` AND (`Class`.`deletedAt` IS NULL) WHERE `Student`.`deletedAt` IS NULL; 

[2023-02-24 11:07:42] DEBUG sql: Executing (default): SELECT `Student`.`id`, `Student`.`name`, `Student`.`sex`, `Student`.`birthdady`, `Class`.`id` AS `Class.id`, `Class`.`name` AS `Class.name`, `Class`.`openDate` AS `Class.openDate`, `Class`.`createdAt` AS `Class.createdAt`, `Class`.`updatedAt` AS `Class.updatedAt`, `Class`.`deletedAt` AS `Class.deletedAt` FROM `Students` AS `Student` LEFT OUTER JOIN `Classes` AS `Class` ON `Student`.`ClassId` = `Class`.`id` AND (`Class`.`deletedAt` IS NULL) WHERE `Student`.`deletedAt` IS NULL LIMIT 0, 10; 

[2023-02-24 11:08:04] DEBUG sql: Executing (default): SELECT count(`Student`.`id`) AS `count` FROM `Students` AS `Student` LEFT OUTER JOIN `Classes` AS `Class` ON `Student`.`ClassId` = `Class`.`id` AND (`Class`.`deletedAt` IS NULL) WHERE `Student`.`deletedAt` IS NULL; 

[2023-02-24 11:08:04] DEBUG sql: Executing (default): SELECT `Student`.`id`, `Student`.`name`, `Student`.`sex`, `Student`.`birthdady`, `Class`.`id` AS `Class.id`, `Class`.`name` AS `Class.name`, `Class`.`openDate` AS `Class.openDate`, `Class`.`createdAt` AS `Class.createdAt`, `Class`.`updatedAt` AS `Class.updatedAt`, `Class`.`deletedAt` AS `Class.deletedAt` FROM `Students` AS `Student` LEFT OUTER JOIN `Classes` AS `Class` ON `Student`.`ClassId` = `Class`.`id` AND (`Class`.`deletedAt` IS NULL) WHERE `Student`.`deletedAt` IS NULL LIMIT 0, 10; 

[2023-02-24 11:08:20] DEBUG sql: Executing (default): SELECT TABLE_NAME FROM INFORMATION_SCHEMA.TABLES WHERE TABLE_TYPE = 'BASE TABLE' AND TABLE_NAME = 'Classes' AND TABLE_SCHEMA = 'myschooldb' 

[2023-02-24 11:08:20] DEBUG sql: Executing (default): SHOW FULL COLUMNS FROM `Classes`; 

[2023-02-24 11:08:20] DEBUG sql: Executing (default): SELECT CONSTRAINT_NAME as constraint_name,CONSTRAINT_NAME as constraintName,CONSTRAINT_SCHEMA as constraintSchema,CONSTRAINT_SCHEMA as constraintCatalog,TABLE_NAME as tableName,TABLE_SCHEMA as tableSchema,TABLE_SCHEMA as tableCatalog,COLUMN_NAME as columnName,REFERENCED_TABLE_SCHEMA as referencedTableSchema,REFERENCED_TABLE_SCHEMA as referencedTableCatalog,REFERENCED_TABLE_NAME as referencedTableName,REFERENCED_COLUMN_NAME as referencedColumnName FROM INFORMATION_SCHEMA.KEY_COLUMN_USAGE where TABLE_NAME = 'Classes' AND CONSTRAINT_NAME!='PRIMARY' AND CONSTRAINT_SCHEMA='myschooldb' AND REFERENCED_TABLE_NAME IS NOT NULL; 

[2023-02-24 11:08:20] DEBUG sql: Executing (default): ALTER TABLE `Classes` CHANGE `name` `name` VARCHAR(255) NOT NULL; 

[2023-02-24 11:08:20] DEBUG sql: Executing (default): ALTER TABLE `Classes` CHANGE `openDate` `openDate` DATETIME NOT NULL; 

[2023-02-24 11:08:20] DEBUG sql: Executing (default): ALTER TABLE `Classes` CHANGE `createdAt` `createdAt` DATETIME NOT NULL; 

[2023-02-24 11:08:20] DEBUG sql: Executing (default): ALTER TABLE `Classes` CHANGE `updatedAt` `updatedAt` DATETIME NOT NULL; 

[2023-02-24 11:08:20] DEBUG sql: Executing (default): ALTER TABLE `Classes` CHANGE `deletedAt` `deletedAt` DATETIME; 

[2023-02-24 11:08:20] DEBUG sql: Executing (default): SHOW INDEX FROM `Classes` 

[2023-02-24 11:08:20] DEBUG sql: Executing (default): SELECT TABLE_NAME FROM INFORMATION_SCHEMA.TABLES WHERE TABLE_TYPE = 'BASE TABLE' AND TABLE_NAME = 'Students' AND TABLE_SCHEMA = 'myschooldb' 

[2023-02-24 11:08:20] DEBUG sql: Executing (default): SHOW FULL COLUMNS FROM `Students`; 

[2023-02-24 11:08:20] DEBUG sql: Executing (default): SELECT CONSTRAINT_NAME as constraint_name,CONSTRAINT_NAME as constraintName,CONSTRAINT_SCHEMA as constraintSchema,CONSTRAINT_SCHEMA as constraintCatalog,TABLE_NAME as tableName,TABLE_SCHEMA as tableSchema,TABLE_SCHEMA as tableCatalog,COLUMN_NAME as columnName,REFERENCED_TABLE_SCHEMA as referencedTableSchema,REFERENCED_TABLE_SCHEMA as referencedTableCatalog,REFERENCED_TABLE_NAME as referencedTableName,REFERENCED_COLUMN_NAME as referencedColumnName FROM INFORMATION_SCHEMA.KEY_COLUMN_USAGE where TABLE_NAME = 'Students' AND CONSTRAINT_NAME!='PRIMARY' AND CONSTRAINT_SCHEMA='myschooldb' AND REFERENCED_TABLE_NAME IS NOT NULL; 

[2023-02-24 11:08:20] DEBUG sql: Executing (default): ALTER TABLE `Students` CHANGE `name` `name` VARCHAR(255) NOT NULL; 

[2023-02-24 11:08:20] DEBUG sql: Executing (default): ALTER TABLE `Students` CHANGE `birthday` `birthday` DATETIME NOT NULL; 

[2023-02-24 11:08:20] DEBUG sql: Executing (default): ALTER TABLE `Students` CHANGE `sex` `sex` TINYINT(1) NOT NULL; 

[2023-02-24 11:08:20] DEBUG sql: Executing (default): ALTER TABLE `Students` CHANGE `mobile` `mobile` VARCHAR(11) NOT NULL; 

[2023-02-24 11:08:20] DEBUG sql: Executing (default): ALTER TABLE `Students` CHANGE `createdAt` `createdAt` DATETIME NOT NULL; 

[2023-02-24 11:08:20] DEBUG sql: Executing (default): ALTER TABLE `Students` CHANGE `updatedAt` `updatedAt` DATETIME NOT NULL; 

[2023-02-24 11:08:20] DEBUG sql: Executing (default): ALTER TABLE `Students` CHANGE `deletedAt` `deletedAt` DATETIME; 

[2023-02-24 11:08:20] DEBUG sql: Executing (default): SELECT CONSTRAINT_CATALOG AS constraintCatalog, CONSTRAINT_NAME AS constraintName, CONSTRAINT_SCHEMA AS constraintSchema, CONSTRAINT_TYPE AS constraintType, TABLE_NAME AS tableName, TABLE_SCHEMA AS tableSchema from INFORMATION_SCHEMA.TABLE_CONSTRAINTS WHERE table_name='Students' AND constraint_name = 'students_ibfk_1' AND TABLE_SCHEMA = 'myschooldb'; 

[2023-02-24 11:08:20] DEBUG sql: Executing (default): ALTER TABLE `Students` DROP FOREIGN KEY `students_ibfk_1`; 

[2023-02-24 11:08:20] DEBUG sql: Executing (default): ALTER TABLE `Students` ADD FOREIGN KEY (`ClassId`) REFERENCES `Classes` (`id`) ON DELETE SET NULL ON UPDATE CASCADE; 

[2023-02-24 11:08:20] DEBUG sql: Executing (default): SHOW INDEX FROM `Students` 

[2023-02-24 11:08:20] DEBUG sql: Executing (default): SELECT TABLE_NAME FROM INFORMATION_SCHEMA.TABLES WHERE TABLE_TYPE = 'BASE TABLE' AND TABLE_NAME = 'Admins' AND TABLE_SCHEMA = 'myschooldb' 

[2023-02-24 11:08:20] DEBUG sql: Executing (default): SHOW FULL COLUMNS FROM `Admins`; 

[2023-02-24 11:08:20] DEBUG sql: Executing (default): SELECT CONSTRAINT_NAME as constraint_name,CONSTRAINT_NAME as constraintName,CONSTRAINT_SCHEMA as constraintSchema,CONSTRAINT_SCHEMA as constraintCatalog,TABLE_NAME as tableName,TABLE_SCHEMA as tableSchema,TABLE_SCHEMA as tableCatalog,COLUMN_NAME as columnName,REFERENCED_TABLE_SCHEMA as referencedTableSchema,REFERENCED_TABLE_SCHEMA as referencedTableCatalog,REFERENCED_TABLE_NAME as referencedTableName,REFERENCED_COLUMN_NAME as referencedColumnName FROM INFORMATION_SCHEMA.KEY_COLUMN_USAGE where TABLE_NAME = 'Admins' AND CONSTRAINT_NAME!='PRIMARY' AND CONSTRAINT_SCHEMA='myschooldb' AND REFERENCED_TABLE_NAME IS NOT NULL; 

[2023-02-24 11:08:20] DEBUG sql: Executing (default): ALTER TABLE `Admins` CHANGE `loginId` `loginId` VARCHAR(255) NOT NULL; 

[2023-02-24 11:08:20] DEBUG sql: Executing (default): ALTER TABLE `Admins` CHANGE `loginPwd` `loginPwd` VARCHAR(255) NOT NULL; 

[2023-02-24 11:08:20] DEBUG sql: Executing (default): ALTER TABLE `Admins` CHANGE `deletedAt` `deletedAt` DATETIME; 

[2023-02-24 11:08:20] DEBUG sql: Executing (default): SHOW INDEX FROM `Admins` 

[2023-02-24 11:08:20] DEBUG sql: Executing (default): SELECT TABLE_NAME FROM INFORMATION_SCHEMA.TABLES WHERE TABLE_TYPE = 'BASE TABLE' AND TABLE_NAME = 'Books' AND TABLE_SCHEMA = 'myschooldb' 

[2023-02-24 11:08:20] DEBUG sql: Executing (default): SHOW FULL COLUMNS FROM `Books`; 

[2023-02-24 11:08:20] DEBUG sql: Executing (default): SELECT CONSTRAINT_NAME as constraint_name,CONSTRAINT_NAME as constraintName,CONSTRAINT_SCHEMA as constraintSchema,CONSTRAINT_SCHEMA as constraintCatalog,TABLE_NAME as tableName,TABLE_SCHEMA as tableSchema,TABLE_SCHEMA as tableCatalog,COLUMN_NAME as columnName,REFERENCED_TABLE_SCHEMA as referencedTableSchema,REFERENCED_TABLE_SCHEMA as referencedTableCatalog,REFERENCED_TABLE_NAME as referencedTableName,REFERENCED_COLUMN_NAME as referencedColumnName FROM INFORMATION_SCHEMA.KEY_COLUMN_USAGE where TABLE_NAME = 'Books' AND CONSTRAINT_NAME!='PRIMARY' AND CONSTRAINT_SCHEMA='myschooldb' AND REFERENCED_TABLE_NAME IS NOT NULL; 

[2023-02-24 11:08:20] DEBUG sql: Executing (default): ALTER TABLE `Books` CHANGE `name` `name` VARCHAR(255) NOT NULL; 

[2023-02-24 11:08:20] DEBUG sql: Executing (default): ALTER TABLE `Books` CHANGE `imgurl` `imgurl` VARCHAR(255); 

[2023-02-24 11:08:20] DEBUG sql: Executing (default): ALTER TABLE `Books` CHANGE `publishDate` `publishDate` VARCHAR(255) NOT NULL; 

[2023-02-24 11:08:20] DEBUG sql: Executing (default): ALTER TABLE `Books` CHANGE `author` `author` VARCHAR(255) NOT NULL; 

[2023-02-24 11:08:20] DEBUG sql: Executing (default): ALTER TABLE `Books` CHANGE `createdAt` `createdAt` DATETIME NOT NULL; 

[2023-02-24 11:08:20] DEBUG sql: Executing (default): ALTER TABLE `Books` CHANGE `updatedAt` `updatedAt` DATETIME NOT NULL; 

[2023-02-24 11:08:20] DEBUG sql: Executing (default): ALTER TABLE `Books` CHANGE `deletedAt` `deletedAt` DATETIME; 

[2023-02-24 11:08:20] DEBUG sql: Executing (default): SHOW INDEX FROM `Books` 

[2023-02-24 11:08:27] DEBUG sql: Executing (default): SELECT count(`Student`.`id`) AS `count` FROM `Students` AS `Student` LEFT OUTER JOIN `Classes` AS `Class` ON `Student`.`ClassId` = `Class`.`id` AND (`Class`.`deletedAt` IS NULL) WHERE `Student`.`deletedAt` IS NULL; 

[2023-02-24 11:08:27] DEBUG sql: Executing (default): SELECT `Student`.`id`, `Student`.`name`, `Student`.`sex`, `Student`.`birthday`, `Class`.`id` AS `Class.id`, `Class`.`name` AS `Class.name`, `Class`.`openDate` AS `Class.openDate`, `Class`.`createdAt` AS `Class.createdAt`, `Class`.`updatedAt` AS `Class.updatedAt`, `Class`.`deletedAt` AS `Class.deletedAt` FROM `Students` AS `Student` LEFT OUTER JOIN `Classes` AS `Class` ON `Student`.`ClassId` = `Class`.`id` AND (`Class`.`deletedAt` IS NULL) WHERE `Student`.`deletedAt` IS NULL LIMIT 0, 10; 

[2023-02-24 11:09:12] DEBUG sql: Executing (default): SELECT TABLE_NAME FROM INFORMATION_SCHEMA.TABLES WHERE TABLE_TYPE = 'BASE TABLE' AND TABLE_NAME = 'Classes' AND TABLE_SCHEMA = 'myschooldb' 

[2023-02-24 11:09:12] DEBUG sql: Executing (default): SHOW FULL COLUMNS FROM `Classes`; 

[2023-02-24 11:09:12] DEBUG sql: Executing (default): SELECT CONSTRAINT_NAME as constraint_name,CONSTRAINT_NAME as constraintName,CONSTRAINT_SCHEMA as constraintSchema,CONSTRAINT_SCHEMA as constraintCatalog,TABLE_NAME as tableName,TABLE_SCHEMA as tableSchema,TABLE_SCHEMA as tableCatalog,COLUMN_NAME as columnName,REFERENCED_TABLE_SCHEMA as referencedTableSchema,REFERENCED_TABLE_SCHEMA as referencedTableCatalog,REFERENCED_TABLE_NAME as referencedTableName,REFERENCED_COLUMN_NAME as referencedColumnName FROM INFORMATION_SCHEMA.KEY_COLUMN_USAGE where TABLE_NAME = 'Classes' AND CONSTRAINT_NAME!='PRIMARY' AND CONSTRAINT_SCHEMA='myschooldb' AND REFERENCED_TABLE_NAME IS NOT NULL; 

[2023-02-24 11:09:12] DEBUG sql: Executing (default): ALTER TABLE `Classes` CHANGE `name` `name` VARCHAR(255) NOT NULL; 

[2023-02-24 11:09:12] DEBUG sql: Executing (default): ALTER TABLE `Classes` CHANGE `openDate` `openDate` DATETIME NOT NULL; 

[2023-02-24 11:09:12] DEBUG sql: Executing (default): ALTER TABLE `Classes` CHANGE `createdAt` `createdAt` DATETIME NOT NULL; 

[2023-02-24 11:09:12] DEBUG sql: Executing (default): ALTER TABLE `Classes` CHANGE `updatedAt` `updatedAt` DATETIME NOT NULL; 

[2023-02-24 11:09:12] DEBUG sql: Executing (default): ALTER TABLE `Classes` CHANGE `deletedAt` `deletedAt` DATETIME; 

[2023-02-24 11:09:12] DEBUG sql: Executing (default): SHOW INDEX FROM `Classes` 

[2023-02-24 11:09:12] DEBUG sql: Executing (default): SELECT TABLE_NAME FROM INFORMATION_SCHEMA.TABLES WHERE TABLE_TYPE = 'BASE TABLE' AND TABLE_NAME = 'Students' AND TABLE_SCHEMA = 'myschooldb' 

[2023-02-24 11:09:12] DEBUG sql: Executing (default): SHOW FULL COLUMNS FROM `Students`; 

[2023-02-24 11:09:12] DEBUG sql: Executing (default): SELECT CONSTRAINT_NAME as constraint_name,CONSTRAINT_NAME as constraintName,CONSTRAINT_SCHEMA as constraintSchema,CONSTRAINT_SCHEMA as constraintCatalog,TABLE_NAME as tableName,TABLE_SCHEMA as tableSchema,TABLE_SCHEMA as tableCatalog,COLUMN_NAME as columnName,REFERENCED_TABLE_SCHEMA as referencedTableSchema,REFERENCED_TABLE_SCHEMA as referencedTableCatalog,REFERENCED_TABLE_NAME as referencedTableName,REFERENCED_COLUMN_NAME as referencedColumnName FROM INFORMATION_SCHEMA.KEY_COLUMN_USAGE where TABLE_NAME = 'Students' AND CONSTRAINT_NAME!='PRIMARY' AND CONSTRAINT_SCHEMA='myschooldb' AND REFERENCED_TABLE_NAME IS NOT NULL; 

[2023-02-24 11:09:12] DEBUG sql: Executing (default): ALTER TABLE `Students` CHANGE `name` `name` VARCHAR(255) NOT NULL; 

[2023-02-24 11:09:12] DEBUG sql: Executing (default): ALTER TABLE `Students` CHANGE `birthday` `birthday` DATETIME NOT NULL; 

[2023-02-24 11:09:12] DEBUG sql: Executing (default): ALTER TABLE `Students` CHANGE `sex` `sex` TINYINT(1) NOT NULL; 

[2023-02-24 11:09:12] DEBUG sql: Executing (default): ALTER TABLE `Students` CHANGE `mobile` `mobile` VARCHAR(11) NOT NULL; 

[2023-02-24 11:09:12] DEBUG sql: Executing (default): ALTER TABLE `Students` CHANGE `createdAt` `createdAt` DATETIME NOT NULL; 

[2023-02-24 11:09:12] DEBUG sql: Executing (default): ALTER TABLE `Students` CHANGE `updatedAt` `updatedAt` DATETIME NOT NULL; 

[2023-02-24 11:09:12] DEBUG sql: Executing (default): ALTER TABLE `Students` CHANGE `deletedAt` `deletedAt` DATETIME; 

[2023-02-24 11:09:12] DEBUG sql: Executing (default): SELECT CONSTRAINT_CATALOG AS constraintCatalog, CONSTRAINT_NAME AS constraintName, CONSTRAINT_SCHEMA AS constraintSchema, CONSTRAINT_TYPE AS constraintType, TABLE_NAME AS tableName, TABLE_SCHEMA AS tableSchema from INFORMATION_SCHEMA.TABLE_CONSTRAINTS WHERE table_name='Students' AND constraint_name = 'students_ibfk_1' AND TABLE_SCHEMA = 'myschooldb'; 

[2023-02-24 11:09:12] DEBUG sql: Executing (default): ALTER TABLE `Students` DROP FOREIGN KEY `students_ibfk_1`; 

[2023-02-24 11:09:12] DEBUG sql: Executing (default): ALTER TABLE `Students` ADD FOREIGN KEY (`ClassId`) REFERENCES `Classes` (`id`) ON DELETE SET NULL ON UPDATE CASCADE; 

[2023-02-24 11:09:12] DEBUG sql: Executing (default): SHOW INDEX FROM `Students` 

[2023-02-24 11:09:12] DEBUG sql: Executing (default): SELECT TABLE_NAME FROM INFORMATION_SCHEMA.TABLES WHERE TABLE_TYPE = 'BASE TABLE' AND TABLE_NAME = 'Admins' AND TABLE_SCHEMA = 'myschooldb' 

[2023-02-24 11:09:12] DEBUG sql: Executing (default): SHOW FULL COLUMNS FROM `Admins`; 

[2023-02-24 11:09:12] DEBUG sql: Executing (default): SELECT CONSTRAINT_NAME as constraint_name,CONSTRAINT_NAME as constraintName,CONSTRAINT_SCHEMA as constraintSchema,CONSTRAINT_SCHEMA as constraintCatalog,TABLE_NAME as tableName,TABLE_SCHEMA as tableSchema,TABLE_SCHEMA as tableCatalog,COLUMN_NAME as columnName,REFERENCED_TABLE_SCHEMA as referencedTableSchema,REFERENCED_TABLE_SCHEMA as referencedTableCatalog,REFERENCED_TABLE_NAME as referencedTableName,REFERENCED_COLUMN_NAME as referencedColumnName FROM INFORMATION_SCHEMA.KEY_COLUMN_USAGE where TABLE_NAME = 'Admins' AND CONSTRAINT_NAME!='PRIMARY' AND CONSTRAINT_SCHEMA='myschooldb' AND REFERENCED_TABLE_NAME IS NOT NULL; 

[2023-02-24 11:09:12] DEBUG sql: Executing (default): ALTER TABLE `Admins` CHANGE `loginId` `loginId` VARCHAR(255) NOT NULL; 

[2023-02-24 11:09:12] DEBUG sql: Executing (default): ALTER TABLE `Admins` CHANGE `loginPwd` `loginPwd` VARCHAR(255) NOT NULL; 

[2023-02-24 11:09:12] DEBUG sql: Executing (default): ALTER TABLE `Admins` CHANGE `deletedAt` `deletedAt` DATETIME; 

[2023-02-24 11:09:12] DEBUG sql: Executing (default): SHOW INDEX FROM `Admins` 

[2023-02-24 11:09:12] DEBUG sql: Executing (default): SELECT TABLE_NAME FROM INFORMATION_SCHEMA.TABLES WHERE TABLE_TYPE = 'BASE TABLE' AND TABLE_NAME = 'Books' AND TABLE_SCHEMA = 'myschooldb' 

[2023-02-24 11:09:12] DEBUG sql: Executing (default): SHOW FULL COLUMNS FROM `Books`; 

[2023-02-24 11:09:12] DEBUG sql: Executing (default): SELECT CONSTRAINT_NAME as constraint_name,CONSTRAINT_NAME as constraintName,CONSTRAINT_SCHEMA as constraintSchema,CONSTRAINT_SCHEMA as constraintCatalog,TABLE_NAME as tableName,TABLE_SCHEMA as tableSchema,TABLE_SCHEMA as tableCatalog,COLUMN_NAME as columnName,REFERENCED_TABLE_SCHEMA as referencedTableSchema,REFERENCED_TABLE_SCHEMA as referencedTableCatalog,REFERENCED_TABLE_NAME as referencedTableName,REFERENCED_COLUMN_NAME as referencedColumnName FROM INFORMATION_SCHEMA.KEY_COLUMN_USAGE where TABLE_NAME = 'Books' AND CONSTRAINT_NAME!='PRIMARY' AND CONSTRAINT_SCHEMA='myschooldb' AND REFERENCED_TABLE_NAME IS NOT NULL; 

[2023-02-24 11:09:12] DEBUG sql: Executing (default): ALTER TABLE `Books` CHANGE `name` `name` VARCHAR(255) NOT NULL; 

[2023-02-24 11:09:12] DEBUG sql: Executing (default): ALTER TABLE `Books` CHANGE `imgurl` `imgurl` VARCHAR(255); 

[2023-02-24 11:09:12] DEBUG sql: Executing (default): ALTER TABLE `Books` CHANGE `publishDate` `publishDate` VARCHAR(255) NOT NULL; 

[2023-02-24 11:09:12] DEBUG sql: Executing (default): ALTER TABLE `Books` CHANGE `author` `author` VARCHAR(255) NOT NULL; 

[2023-02-24 11:09:12] DEBUG sql: Executing (default): ALTER TABLE `Books` CHANGE `createdAt` `createdAt` DATETIME NOT NULL; 

[2023-02-24 11:09:12] DEBUG sql: Executing (default): ALTER TABLE `Books` CHANGE `updatedAt` `updatedAt` DATETIME NOT NULL; 

[2023-02-24 11:09:12] DEBUG sql: Executing (default): ALTER TABLE `Books` CHANGE `deletedAt` `deletedAt` DATETIME; 

[2023-02-24 11:09:12] DEBUG sql: Executing (default): SHOW INDEX FROM `Books` 

